ERROR - 2025-07-23 00:17:16 --> mysqli_sql_exception: Column 'telefono' cannot be null in C:\Users\tecla\OneDrive\Documents\prueba_tecnica\system\Database\MySQLi\Connection.php:306
Stack trace:
#0 C:\Users\tecla\OneDrive\Documents\prueba_tecnica\system\Database\MySQLi\Connection.php(306): mysqli->query('INSERT INTO `us...', 0)
#1 C:\Users\tecla\OneDrive\Documents\prueba_tecnica\system\Database\BaseConnection.php(693): CodeIgniter\Database\MySQLi\Connection->execute('INSERT INTO `us...')
#2 C:\Users\tecla\OneDrive\Documents\prueba_tecnica\system\Database\BaseConnection.php(607): CodeIgniter\Database\BaseConnection->simpleQuery('INSERT INTO `us...')
#3 C:\Users\tecla\OneDrive\Documents\prueba_tecnica\system\Database\BaseBuilder.php(2307): CodeIgniter\Database\BaseConnection->query('INSERT INTO `us...', Array, false)
#4 C:\Users\tecla\OneDrive\Documents\prueba_tecnica\system\Model.php(327): CodeIgniter\Database\BaseBuilder->insert()
#5 C:\Users\tecla\OneDrive\Documents\prueba_tecnica\system\BaseModel.php(805): CodeIgniter\Model->doInsert(Array)
#6 C:\Users\tecla\OneDrive\Documents\prueba_tecnica\system\Model.php(749): CodeIgniter\BaseModel->insert(Array, true)
#7 C:\Users\tecla\OneDrive\Documents\prueba_tecnica\app\Controllers\AuthController.php(84): CodeIgniter\Model->insert(Array)
#8 C:\Users\tecla\OneDrive\Documents\prueba_tecnica\system\CodeIgniter.php(943): App\Controllers\AuthController->doRegister()
#9 C:\Users\tecla\OneDrive\Documents\prueba_tecnica\system\CodeIgniter.php(503): CodeIgniter\CodeIgniter->runController(Object(App\Controllers\AuthController))
#10 C:\Users\tecla\OneDrive\Documents\prueba_tecnica\system\CodeIgniter.php(361): CodeIgniter\CodeIgniter->handleRequest(NULL, Object(Config\Cache), false)
#11 C:\Users\tecla\OneDrive\Documents\prueba_tecnica\public\index.php(79): CodeIgniter\CodeIgniter->run()
#12 C:\Users\tecla\OneDrive\Documents\prueba_tecnica\system\Commands\Server\rewrite.php(47): require_once('C:\\Users\\tecla\\...')
#13 {main}
ERROR - 2025-07-23 00:17:16 --> Error en registro: Column 'telefono' cannot be null
ERROR - 2025-07-23 00:17:22 --> mysqli_sql_exception: Column 'telefono' cannot be null in C:\Users\tecla\OneDrive\Documents\prueba_tecnica\system\Database\MySQLi\Connection.php:306
Stack trace:
#0 C:\Users\tecla\OneDrive\Documents\prueba_tecnica\system\Database\MySQLi\Connection.php(306): mysqli->query('INSERT INTO `us...', 0)
#1 C:\Users\tecla\OneDrive\Documents\prueba_tecnica\system\Database\BaseConnection.php(693): CodeIgniter\Database\MySQLi\Connection->execute('INSERT INTO `us...')
#2 C:\Users\tecla\OneDrive\Documents\prueba_tecnica\system\Database\BaseConnection.php(607): CodeIgniter\Database\BaseConnection->simpleQuery('INSERT INTO `us...')
#3 C:\Users\tecla\OneDrive\Documents\prueba_tecnica\system\Database\BaseBuilder.php(2307): CodeIgniter\Database\BaseConnection->query('INSERT INTO `us...', Array, false)
#4 C:\Users\tecla\OneDrive\Documents\prueba_tecnica\system\Model.php(327): CodeIgniter\Database\BaseBuilder->insert()
#5 C:\Users\tecla\OneDrive\Documents\prueba_tecnica\system\BaseModel.php(805): CodeIgniter\Model->doInsert(Array)
#6 C:\Users\tecla\OneDrive\Documents\prueba_tecnica\system\Model.php(749): CodeIgniter\BaseModel->insert(Array, true)
#7 C:\Users\tecla\OneDrive\Documents\prueba_tecnica\app\Controllers\AuthController.php(84): CodeIgniter\Model->insert(Array)
#8 C:\Users\tecla\OneDrive\Documents\prueba_tecnica\system\CodeIgniter.php(943): App\Controllers\AuthController->doRegister()
#9 C:\Users\tecla\OneDrive\Documents\prueba_tecnica\system\CodeIgniter.php(503): CodeIgniter\CodeIgniter->runController(Object(App\Controllers\AuthController))
#10 C:\Users\tecla\OneDrive\Documents\prueba_tecnica\system\CodeIgniter.php(361): CodeIgniter\CodeIgniter->handleRequest(NULL, Object(Config\Cache), false)
#11 C:\Users\tecla\OneDrive\Documents\prueba_tecnica\public\index.php(79): CodeIgniter\CodeIgniter->run()
#12 C:\Users\tecla\OneDrive\Documents\prueba_tecnica\system\Commands\Server\rewrite.php(47): require_once('C:\\Users\\tecla\\...')
#13 {main}
ERROR - 2025-07-23 00:17:22 --> Error en registro: Column 'telefono' cannot be null
ERROR - 2025-07-23 00:17:38 --> mysqli_sql_exception: Column 'telefono' cannot be null in C:\Users\tecla\OneDrive\Documents\prueba_tecnica\system\Database\MySQLi\Connection.php:306
Stack trace:
#0 C:\Users\tecla\OneDrive\Documents\prueba_tecnica\system\Database\MySQLi\Connection.php(306): mysqli->query('INSERT INTO `us...', 0)
#1 C:\Users\tecla\OneDrive\Documents\prueba_tecnica\system\Database\BaseConnection.php(693): CodeIgniter\Database\MySQLi\Connection->execute('INSERT INTO `us...')
#2 C:\Users\tecla\OneDrive\Documents\prueba_tecnica\system\Database\BaseConnection.php(607): CodeIgniter\Database\BaseConnection->simpleQuery('INSERT INTO `us...')
#3 C:\Users\tecla\OneDrive\Documents\prueba_tecnica\system\Database\BaseBuilder.php(2307): CodeIgniter\Database\BaseConnection->query('INSERT INTO `us...', Array, false)
#4 C:\Users\tecla\OneDrive\Documents\prueba_tecnica\system\Model.php(327): CodeIgniter\Database\BaseBuilder->insert()
#5 C:\Users\tecla\OneDrive\Documents\prueba_tecnica\system\BaseModel.php(805): CodeIgniter\Model->doInsert(Array)
#6 C:\Users\tecla\OneDrive\Documents\prueba_tecnica\system\Model.php(749): CodeIgniter\BaseModel->insert(Array, true)
#7 C:\Users\tecla\OneDrive\Documents\prueba_tecnica\app\Controllers\AuthController.php(84): CodeIgniter\Model->insert(Array)
#8 C:\Users\tecla\OneDrive\Documents\prueba_tecnica\system\CodeIgniter.php(943): App\Controllers\AuthController->doRegister()
#9 C:\Users\tecla\OneDrive\Documents\prueba_tecnica\system\CodeIgniter.php(503): CodeIgniter\CodeIgniter->runController(Object(App\Controllers\AuthController))
#10 C:\Users\tecla\OneDrive\Documents\prueba_tecnica\system\CodeIgniter.php(361): CodeIgniter\CodeIgniter->handleRequest(NULL, Object(Config\Cache), false)
#11 C:\Users\tecla\OneDrive\Documents\prueba_tecnica\public\index.php(79): CodeIgniter\CodeIgniter->run()
#12 C:\Users\tecla\OneDrive\Documents\prueba_tecnica\system\Commands\Server\rewrite.php(47): require_once('C:\\Users\\tecla\\...')
#13 {main}
ERROR - 2025-07-23 00:17:38 --> Error en registro: Column 'telefono' cannot be null
ERROR - 2025-07-23 00:17:59 --> mysqli_sql_exception: Column 'telefono' cannot be null in C:\Users\tecla\OneDrive\Documents\prueba_tecnica\system\Database\MySQLi\Connection.php:306
Stack trace:
#0 C:\Users\tecla\OneDrive\Documents\prueba_tecnica\system\Database\MySQLi\Connection.php(306): mysqli->query('INSERT INTO `us...', 0)
#1 C:\Users\tecla\OneDrive\Documents\prueba_tecnica\system\Database\BaseConnection.php(693): CodeIgniter\Database\MySQLi\Connection->execute('INSERT INTO `us...')
#2 C:\Users\tecla\OneDrive\Documents\prueba_tecnica\system\Database\BaseConnection.php(607): CodeIgniter\Database\BaseConnection->simpleQuery('INSERT INTO `us...')
#3 C:\Users\tecla\OneDrive\Documents\prueba_tecnica\system\Database\BaseBuilder.php(2307): CodeIgniter\Database\BaseConnection->query('INSERT INTO `us...', Array, false)
#4 C:\Users\tecla\OneDrive\Documents\prueba_tecnica\system\Model.php(327): CodeIgniter\Database\BaseBuilder->insert()
#5 C:\Users\tecla\OneDrive\Documents\prueba_tecnica\system\BaseModel.php(805): CodeIgniter\Model->doInsert(Array)
#6 C:\Users\tecla\OneDrive\Documents\prueba_tecnica\system\Model.php(749): CodeIgniter\BaseModel->insert(Array, true)
#7 C:\Users\tecla\OneDrive\Documents\prueba_tecnica\app\Controllers\AuthController.php(84): CodeIgniter\Model->insert(Array)
#8 C:\Users\tecla\OneDrive\Documents\prueba_tecnica\system\CodeIgniter.php(943): App\Controllers\AuthController->doRegister()
#9 C:\Users\tecla\OneDrive\Documents\prueba_tecnica\system\CodeIgniter.php(503): CodeIgniter\CodeIgniter->runController(Object(App\Controllers\AuthController))
#10 C:\Users\tecla\OneDrive\Documents\prueba_tecnica\system\CodeIgniter.php(361): CodeIgniter\CodeIgniter->handleRequest(NULL, Object(Config\Cache), false)
#11 C:\Users\tecla\OneDrive\Documents\prueba_tecnica\public\index.php(79): CodeIgniter\CodeIgniter->run()
#12 C:\Users\tecla\OneDrive\Documents\prueba_tecnica\system\Commands\Server\rewrite.php(47): require_once('C:\\Users\\tecla\\...')
#13 {main}
ERROR - 2025-07-23 00:17:59 --> Error en registro: Column 'telefono' cannot be null
ERROR - 2025-07-23 00:45:24 --> mysqli_sql_exception: Column 'telefono' cannot be null in C:\Users\tecla\OneDrive\Documents\prueba_tecnica\system\Database\MySQLi\Connection.php:306
Stack trace:
#0 C:\Users\tecla\OneDrive\Documents\prueba_tecnica\system\Database\MySQLi\Connection.php(306): mysqli->query('INSERT INTO `us...', 0)
#1 C:\Users\tecla\OneDrive\Documents\prueba_tecnica\system\Database\BaseConnection.php(693): CodeIgniter\Database\MySQLi\Connection->execute('INSERT INTO `us...')
#2 C:\Users\tecla\OneDrive\Documents\prueba_tecnica\system\Database\BaseConnection.php(607): CodeIgniter\Database\BaseConnection->simpleQuery('INSERT INTO `us...')
#3 C:\Users\tecla\OneDrive\Documents\prueba_tecnica\system\Database\BaseBuilder.php(2307): CodeIgniter\Database\BaseConnection->query('INSERT INTO `us...', Array, false)
#4 C:\Users\tecla\OneDrive\Documents\prueba_tecnica\system\Model.php(327): CodeIgniter\Database\BaseBuilder->insert()
#5 C:\Users\tecla\OneDrive\Documents\prueba_tecnica\system\BaseModel.php(805): CodeIgniter\Model->doInsert(Array)
#6 C:\Users\tecla\OneDrive\Documents\prueba_tecnica\system\Model.php(749): CodeIgniter\BaseModel->insert(Array, true)
#7 C:\Users\tecla\OneDrive\Documents\prueba_tecnica\app\Controllers\AuthController.php(84): CodeIgniter\Model->insert(Array)
#8 C:\Users\tecla\OneDrive\Documents\prueba_tecnica\system\CodeIgniter.php(943): App\Controllers\AuthController->doRegister()
#9 C:\Users\tecla\OneDrive\Documents\prueba_tecnica\system\CodeIgniter.php(503): CodeIgniter\CodeIgniter->runController(Object(App\Controllers\AuthController))
#10 C:\Users\tecla\OneDrive\Documents\prueba_tecnica\system\CodeIgniter.php(361): CodeIgniter\CodeIgniter->handleRequest(NULL, Object(Config\Cache), false)
#11 C:\Users\tecla\OneDrive\Documents\prueba_tecnica\public\index.php(79): CodeIgniter\CodeIgniter->run()
#12 C:\Users\tecla\OneDrive\Documents\prueba_tecnica\system\Commands\Server\rewrite.php(47): require_once('C:\\Users\\tecla\\...')
#13 {main}
ERROR - 2025-07-23 00:45:24 --> Error en registro: Column 'telefono' cannot be null
ERROR - 2025-07-23 00:46:18 --> mysqli_sql_exception: Column 'telefono' cannot be null in C:\Users\tecla\OneDrive\Documents\prueba_tecnica\system\Database\MySQLi\Connection.php:306
Stack trace:
#0 C:\Users\tecla\OneDrive\Documents\prueba_tecnica\system\Database\MySQLi\Connection.php(306): mysqli->query('INSERT INTO `us...', 0)
#1 C:\Users\tecla\OneDrive\Documents\prueba_tecnica\system\Database\BaseConnection.php(693): CodeIgniter\Database\MySQLi\Connection->execute('INSERT INTO `us...')
#2 C:\Users\tecla\OneDrive\Documents\prueba_tecnica\system\Database\BaseConnection.php(607): CodeIgniter\Database\BaseConnection->simpleQuery('INSERT INTO `us...')
#3 C:\Users\tecla\OneDrive\Documents\prueba_tecnica\system\Database\BaseBuilder.php(2307): CodeIgniter\Database\BaseConnection->query('INSERT INTO `us...', Array, false)
#4 C:\Users\tecla\OneDrive\Documents\prueba_tecnica\system\Model.php(327): CodeIgniter\Database\BaseBuilder->insert()
#5 C:\Users\tecla\OneDrive\Documents\prueba_tecnica\system\BaseModel.php(805): CodeIgniter\Model->doInsert(Array)
#6 C:\Users\tecla\OneDrive\Documents\prueba_tecnica\system\Model.php(749): CodeIgniter\BaseModel->insert(Array, true)
#7 C:\Users\tecla\OneDrive\Documents\prueba_tecnica\app\Controllers\AuthController.php(84): CodeIgniter\Model->insert(Array)
#8 C:\Users\tecla\OneDrive\Documents\prueba_tecnica\system\CodeIgniter.php(943): App\Controllers\AuthController->doRegister()
#9 C:\Users\tecla\OneDrive\Documents\prueba_tecnica\system\CodeIgniter.php(503): CodeIgniter\CodeIgniter->runController(Object(App\Controllers\AuthController))
#10 C:\Users\tecla\OneDrive\Documents\prueba_tecnica\system\CodeIgniter.php(361): CodeIgniter\CodeIgniter->handleRequest(NULL, Object(Config\Cache), false)
#11 C:\Users\tecla\OneDrive\Documents\prueba_tecnica\public\index.php(79): CodeIgniter\CodeIgniter->run()
#12 C:\Users\tecla\OneDrive\Documents\prueba_tecnica\system\Commands\Server\rewrite.php(47): require_once('C:\\Users\\tecla\\...')
#13 {main}
ERROR - 2025-07-23 00:46:18 --> Error en registro: Column 'telefono' cannot be null
ERROR - 2025-07-23 01:09:25 --> mysqli_sql_exception: Column 'telefono' cannot be null in C:\Users\tecla\OneDrive\Documents\prueba_tecnica\system\Database\MySQLi\Connection.php:306
Stack trace:
#0 C:\Users\tecla\OneDrive\Documents\prueba_tecnica\system\Database\MySQLi\Connection.php(306): mysqli->query('INSERT INTO `us...', 0)
#1 C:\Users\tecla\OneDrive\Documents\prueba_tecnica\system\Database\BaseConnection.php(693): CodeIgniter\Database\MySQLi\Connection->execute('INSERT INTO `us...')
#2 C:\Users\tecla\OneDrive\Documents\prueba_tecnica\system\Database\BaseConnection.php(607): CodeIgniter\Database\BaseConnection->simpleQuery('INSERT INTO `us...')
#3 C:\Users\tecla\OneDrive\Documents\prueba_tecnica\system\Database\BaseBuilder.php(2307): CodeIgniter\Database\BaseConnection->query('INSERT INTO `us...', Array, false)
#4 C:\Users\tecla\OneDrive\Documents\prueba_tecnica\system\Model.php(327): CodeIgniter\Database\BaseBuilder->insert()
#5 C:\Users\tecla\OneDrive\Documents\prueba_tecnica\system\BaseModel.php(805): CodeIgniter\Model->doInsert(Array)
#6 C:\Users\tecla\OneDrive\Documents\prueba_tecnica\system\Model.php(749): CodeIgniter\BaseModel->insert(Array, true)
#7 C:\Users\tecla\OneDrive\Documents\prueba_tecnica\app\Controllers\AuthController.php(84): CodeIgniter\Model->insert(Array)
#8 C:\Users\tecla\OneDrive\Documents\prueba_tecnica\system\CodeIgniter.php(943): App\Controllers\AuthController->doRegister()
#9 C:\Users\tecla\OneDrive\Documents\prueba_tecnica\system\CodeIgniter.php(503): CodeIgniter\CodeIgniter->runController(Object(App\Controllers\AuthController))
#10 C:\Users\tecla\OneDrive\Documents\prueba_tecnica\system\CodeIgniter.php(361): CodeIgniter\CodeIgniter->handleRequest(NULL, Object(Config\Cache), false)
#11 C:\Users\tecla\OneDrive\Documents\prueba_tecnica\public\index.php(79): CodeIgniter\CodeIgniter->run()
#12 C:\Users\tecla\OneDrive\Documents\prueba_tecnica\system\Commands\Server\rewrite.php(47): require_once('C:\\Users\\tecla\\...')
#13 {main}
ERROR - 2025-07-23 01:09:25 --> Error en registro: Column 'telefono' cannot be null
ERROR - 2025-07-23 01:09:34 --> mysqli_sql_exception: Column 'telefono' cannot be null in C:\Users\tecla\OneDrive\Documents\prueba_tecnica\system\Database\MySQLi\Connection.php:306
Stack trace:
#0 C:\Users\tecla\OneDrive\Documents\prueba_tecnica\system\Database\MySQLi\Connection.php(306): mysqli->query('INSERT INTO `us...', 0)
#1 C:\Users\tecla\OneDrive\Documents\prueba_tecnica\system\Database\BaseConnection.php(693): CodeIgniter\Database\MySQLi\Connection->execute('INSERT INTO `us...')
#2 C:\Users\tecla\OneDrive\Documents\prueba_tecnica\system\Database\BaseConnection.php(607): CodeIgniter\Database\BaseConnection->simpleQuery('INSERT INTO `us...')
#3 C:\Users\tecla\OneDrive\Documents\prueba_tecnica\system\Database\BaseBuilder.php(2307): CodeIgniter\Database\BaseConnection->query('INSERT INTO `us...', Array, false)
#4 C:\Users\tecla\OneDrive\Documents\prueba_tecnica\system\Model.php(327): CodeIgniter\Database\BaseBuilder->insert()
#5 C:\Users\tecla\OneDrive\Documents\prueba_tecnica\system\BaseModel.php(805): CodeIgniter\Model->doInsert(Array)
#6 C:\Users\tecla\OneDrive\Documents\prueba_tecnica\system\Model.php(749): CodeIgniter\BaseModel->insert(Array, true)
#7 C:\Users\tecla\OneDrive\Documents\prueba_tecnica\app\Controllers\AuthController.php(84): CodeIgniter\Model->insert(Array)
#8 C:\Users\tecla\OneDrive\Documents\prueba_tecnica\system\CodeIgniter.php(943): App\Controllers\AuthController->doRegister()
#9 C:\Users\tecla\OneDrive\Documents\prueba_tecnica\system\CodeIgniter.php(503): CodeIgniter\CodeIgniter->runController(Object(App\Controllers\AuthController))
#10 C:\Users\tecla\OneDrive\Documents\prueba_tecnica\system\CodeIgniter.php(361): CodeIgniter\CodeIgniter->handleRequest(NULL, Object(Config\Cache), false)
#11 C:\Users\tecla\OneDrive\Documents\prueba_tecnica\public\index.php(79): CodeIgniter\CodeIgniter->run()
#12 C:\Users\tecla\OneDrive\Documents\prueba_tecnica\system\Commands\Server\rewrite.php(47): require_once('C:\\Users\\tecla\\...')
#13 {main}
ERROR - 2025-07-23 01:09:34 --> Error en registro: Column 'telefono' cannot be null
ERROR - 2025-07-23 02:37:09 --> mysqli_sql_exception: Column 'sexo' cannot be null in C:\Users\tecla\OneDrive\Documents\prueba_tecnica\system\Database\MySQLi\Connection.php:306
Stack trace:
#0 C:\Users\tecla\OneDrive\Documents\prueba_tecnica\system\Database\MySQLi\Connection.php(306): mysqli->query('INSERT INTO `us...', 0)
#1 C:\Users\tecla\OneDrive\Documents\prueba_tecnica\system\Database\BaseConnection.php(693): CodeIgniter\Database\MySQLi\Connection->execute('INSERT INTO `us...')
#2 C:\Users\tecla\OneDrive\Documents\prueba_tecnica\system\Database\BaseConnection.php(607): CodeIgniter\Database\BaseConnection->simpleQuery('INSERT INTO `us...')
#3 C:\Users\tecla\OneDrive\Documents\prueba_tecnica\system\Database\BaseBuilder.php(2307): CodeIgniter\Database\BaseConnection->query('INSERT INTO `us...', Array, false)
#4 C:\Users\tecla\OneDrive\Documents\prueba_tecnica\system\Model.php(327): CodeIgniter\Database\BaseBuilder->insert()
#5 C:\Users\tecla\OneDrive\Documents\prueba_tecnica\system\BaseModel.php(805): CodeIgniter\Model->doInsert(Array)
#6 C:\Users\tecla\OneDrive\Documents\prueba_tecnica\system\Model.php(749): CodeIgniter\BaseModel->insert(Array, true)
#7 C:\Users\tecla\OneDrive\Documents\prueba_tecnica\app\Controllers\AuthController.php(84): CodeIgniter\Model->insert(Array)
#8 C:\Users\tecla\OneDrive\Documents\prueba_tecnica\system\CodeIgniter.php(943): App\Controllers\AuthController->doRegister()
#9 C:\Users\tecla\OneDrive\Documents\prueba_tecnica\system\CodeIgniter.php(503): CodeIgniter\CodeIgniter->runController(Object(App\Controllers\AuthController))
#10 C:\Users\tecla\OneDrive\Documents\prueba_tecnica\system\CodeIgniter.php(361): CodeIgniter\CodeIgniter->handleRequest(NULL, Object(Config\Cache), false)
#11 C:\Users\tecla\OneDrive\Documents\prueba_tecnica\public\index.php(79): CodeIgniter\CodeIgniter->run()
#12 C:\Users\tecla\OneDrive\Documents\prueba_tecnica\system\Commands\Server\rewrite.php(47): require_once('C:\\Users\\tecla\\...')
#13 {main}
ERROR - 2025-07-23 02:37:09 --> Error en registro: Column 'sexo' cannot be null
ERROR - 2025-07-23 02:37:25 --> mysqli_sql_exception: Column 'sexo' cannot be null in C:\Users\tecla\OneDrive\Documents\prueba_tecnica\system\Database\MySQLi\Connection.php:306
Stack trace:
#0 C:\Users\tecla\OneDrive\Documents\prueba_tecnica\system\Database\MySQLi\Connection.php(306): mysqli->query('INSERT INTO `us...', 0)
#1 C:\Users\tecla\OneDrive\Documents\prueba_tecnica\system\Database\BaseConnection.php(693): CodeIgniter\Database\MySQLi\Connection->execute('INSERT INTO `us...')
#2 C:\Users\tecla\OneDrive\Documents\prueba_tecnica\system\Database\BaseConnection.php(607): CodeIgniter\Database\BaseConnection->simpleQuery('INSERT INTO `us...')
#3 C:\Users\tecla\OneDrive\Documents\prueba_tecnica\system\Database\BaseBuilder.php(2307): CodeIgniter\Database\BaseConnection->query('INSERT INTO `us...', Array, false)
#4 C:\Users\tecla\OneDrive\Documents\prueba_tecnica\system\Model.php(327): CodeIgniter\Database\BaseBuilder->insert()
#5 C:\Users\tecla\OneDrive\Documents\prueba_tecnica\system\BaseModel.php(805): CodeIgniter\Model->doInsert(Array)
#6 C:\Users\tecla\OneDrive\Documents\prueba_tecnica\system\Model.php(749): CodeIgniter\BaseModel->insert(Array, true)
#7 C:\Users\tecla\OneDrive\Documents\prueba_tecnica\app\Controllers\AuthController.php(84): CodeIgniter\Model->insert(Array)
#8 C:\Users\tecla\OneDrive\Documents\prueba_tecnica\system\CodeIgniter.php(943): App\Controllers\AuthController->doRegister()
#9 C:\Users\tecla\OneDrive\Documents\prueba_tecnica\system\CodeIgniter.php(503): CodeIgniter\CodeIgniter->runController(Object(App\Controllers\AuthController))
#10 C:\Users\tecla\OneDrive\Documents\prueba_tecnica\system\CodeIgniter.php(361): CodeIgniter\CodeIgniter->handleRequest(NULL, Object(Config\Cache), false)
#11 C:\Users\tecla\OneDrive\Documents\prueba_tecnica\public\index.php(79): CodeIgniter\CodeIgniter->run()
#12 C:\Users\tecla\OneDrive\Documents\prueba_tecnica\system\Commands\Server\rewrite.php(47): require_once('C:\\Users\\tecla\\...')
#13 {main}
ERROR - 2025-07-23 02:37:25 --> Error en registro: Column 'sexo' cannot be null
ERROR - 2025-07-23 02:38:48 --> Email: Unable to send email using SMTP. Your server might not be configured to send mail using this method.
ERROR - 2025-07-23 02:38:48 --> 220 smtp.mailtrap.io ESMTP ready

hello: 250-smtp.mailtrap.io
250-SIZE 5242880
250-PIPELINING
250-ENHANCEDSTATUSCODES
250-8BITMIME
250-DSN
250-AUTH PLAIN LOGIN CRAM-MD5
250 STARTTLS

starttls: 220 2.0.0 Start TLS

hello: 250-smtp.mailtrap.io
250-SIZE 5242880
250-PIPELINING
250-ENHANCEDSTATUSCODES
250-8BITMIME
250-DSN
250 AUTH PLAIN LOGIN CRAM-MD5

Failed to authenticate password. Error: 535 5.7.0 Invalid credentials

ERROR - 2025-07-23 02:38:48 --> No se pudo enviar correo a pedro@gmail.com
CRITICAL - 2025-07-23 03:00:29 --> CodeIgniter\Filters\Exceptions\FilterException: "auth" filter must have a matching alias defined.
in SYSTEMPATH\Filters\Filters.php on line 355.
 1 SYSTEMPATH\Filters\Filters.php(355): CodeIgniter\Filters\Exceptions\FilterException::forNoAlias('auth')
 2 SYSTEMPATH\CodeIgniter.php(468): CodeIgniter\Filters\Filters->enableFilter('auth', 'before')
 3 SYSTEMPATH\CodeIgniter.php(361): CodeIgniter\CodeIgniter->handleRequest(null, Object(Config\Cache), false)
 4 FCPATH\index.php(79): CodeIgniter\CodeIgniter->run()
 5 SYSTEMPATH\Commands\Server\rewrite.php(47): require_once('C:\\Users\\tecla\\OneDrive\\Documents\\prueba_tecnica\\public\\index.php')
CRITICAL - 2025-07-23 03:00:31 --> CodeIgniter\Filters\Exceptions\FilterException: "auth" filter must have a matching alias defined.
in SYSTEMPATH\Filters\Filters.php on line 355.
 1 SYSTEMPATH\Filters\Filters.php(355): CodeIgniter\Filters\Exceptions\FilterException::forNoAlias('auth')
 2 SYSTEMPATH\CodeIgniter.php(468): CodeIgniter\Filters\Filters->enableFilter('auth', 'before')
 3 SYSTEMPATH\CodeIgniter.php(361): CodeIgniter\CodeIgniter->handleRequest(null, Object(Config\Cache), false)
 4 FCPATH\index.php(79): CodeIgniter\CodeIgniter->run()
 5 SYSTEMPATH\Commands\Server\rewrite.php(47): require_once('C:\\Users\\tecla\\OneDrive\\Documents\\prueba_tecnica\\public\\index.php')
CRITICAL - 2025-07-23 03:03:58 --> CodeIgniter\Filters\Exceptions\FilterException: "Config\Auth" must implement CodeIgniter\Filters\FilterInterface.
in SYSTEMPATH\Filters\Filters.php on line 178.
 1 SYSTEMPATH\Filters\Filters.php(178): CodeIgniter\Filters\Exceptions\FilterException::forIncorrectInterface('Config\\Auth')
 2 SYSTEMPATH\CodeIgniter.php(475): CodeIgniter\Filters\Filters->run('dashboard', 'before')
 3 SYSTEMPATH\CodeIgniter.php(361): CodeIgniter\CodeIgniter->handleRequest(null, Object(Config\Cache), false)
 4 FCPATH\index.php(79): CodeIgniter\CodeIgniter->run()
 5 SYSTEMPATH\Commands\Server\rewrite.php(47): require_once('C:\\Users\\tecla\\OneDrive\\Documents\\prueba_tecnica\\public\\index.php')
ERROR - 2025-07-23 03:22:10 --> Error en registro: Class "App\Services\MailService" not found
ERROR - 2025-07-23 03:22:33 --> Error en registro: Class "App\Services\MailService" not found
ERROR - 2025-07-23 03:30:11 --> Error while listing users | View themes, no current section. | App\Controllers\UserController::index
ERROR - 2025-07-23 03:30:11 --> Error while listing users | View themes, no current section. | App\Controllers\UserController::index
ERROR - 2025-07-23 03:30:11 --> Error while listing users | View themes, no current section. | App\Controllers\UserController::index
ERROR - 2025-07-23 03:30:12 --> Error while listing users | View themes, no current section. | App\Controllers\UserController::index
ERROR - 2025-07-23 03:30:12 --> Error while listing users | View themes, no current section. | App\Controllers\UserController::index
ERROR - 2025-07-23 03:30:12 --> Error while listing users | View themes, no current section. | App\Controllers\UserController::index
ERROR - 2025-07-23 03:30:12 --> Error while listing users | View themes, no current section. | App\Controllers\UserController::index
ERROR - 2025-07-23 03:30:13 --> Error while listing users | View themes, no current section. | App\Controllers\UserController::index
ERROR - 2025-07-23 03:30:13 --> Error while listing users | View themes, no current section. | App\Controllers\UserController::index
ERROR - 2025-07-23 03:30:13 --> Error while listing users | View themes, no current section. | App\Controllers\UserController::index
ERROR - 2025-07-23 03:30:13 --> Error while listing users | View themes, no current section. | App\Controllers\UserController::index
ERROR - 2025-07-23 03:30:14 --> Error while listing users | View themes, no current section. | App\Controllers\UserController::index
ERROR - 2025-07-23 03:30:14 --> Error while listing users | View themes, no current section. | App\Controllers\UserController::index
ERROR - 2025-07-23 03:30:14 --> Error while listing users | View themes, no current section. | App\Controllers\UserController::index
ERROR - 2025-07-23 03:30:14 --> Error while listing users | View themes, no current section. | App\Controllers\UserController::index
ERROR - 2025-07-23 03:30:15 --> Error while listing users | View themes, no current section. | App\Controllers\UserController::index
ERROR - 2025-07-23 03:30:15 --> Error while listing users | View themes, no current section. | App\Controllers\UserController::index
ERROR - 2025-07-23 03:30:15 --> Error while listing users | View themes, no current section. | App\Controllers\UserController::index
ERROR - 2025-07-23 03:30:15 --> Error while listing users | View themes, no current section. | App\Controllers\UserController::index
ERROR - 2025-07-23 03:30:16 --> Error while listing users | View themes, no current section. | App\Controllers\UserController::index
ERROR - 2025-07-23 03:30:17 --> Error while listing users | View themes, no current section. | App\Controllers\UserController::index
ERROR - 2025-07-23 03:30:17 --> Error while listing users | View themes, no current section. | App\Controllers\UserController::index
ERROR - 2025-07-23 03:30:17 --> Error while listing users | View themes, no current section. | App\Controllers\UserController::index
ERROR - 2025-07-23 03:30:18 --> Error while listing users | View themes, no current section. | App\Controllers\UserController::index
ERROR - 2025-07-23 03:30:18 --> Error while listing users | View themes, no current section. | App\Controllers\UserController::index
ERROR - 2025-07-23 03:30:18 --> Error while listing users | View themes, no current section. | App\Controllers\UserController::index
ERROR - 2025-07-23 03:30:18 --> Error while listing users | View themes, no current section. | App\Controllers\UserController::index
ERROR - 2025-07-23 03:30:20 --> Error while listing users | View themes, no current section. | App\Controllers\UserController::index
ERROR - 2025-07-23 03:30:20 --> Error while listing users | View themes, no current section. | App\Controllers\UserController::index
ERROR - 2025-07-23 03:30:21 --> Error while listing users | View themes, no current section. | App\Controllers\UserController::index
ERROR - 2025-07-23 03:30:21 --> Error while listing users | View themes, no current section. | App\Controllers\UserController::index
ERROR - 2025-07-23 03:30:21 --> Error while listing users | View themes, no current section. | App\Controllers\UserController::index
ERROR - 2025-07-23 03:30:21 --> Error while listing users | View themes, no current section. | App\Controllers\UserController::index
ERROR - 2025-07-23 03:30:22 --> Error while listing users | View themes, no current section. | App\Controllers\UserController::index
ERROR - 2025-07-23 03:30:22 --> Error while listing users | View themes, no current section. | App\Controllers\UserController::index
ERROR - 2025-07-23 03:30:22 --> Error while listing users | View themes, no current section. | App\Controllers\UserController::index
ERROR - 2025-07-23 03:30:22 --> Error while listing users | View themes, no current section. | App\Controllers\UserController::index
ERROR - 2025-07-23 03:30:23 --> Error while listing users | View themes, no current section. | App\Controllers\UserController::index
ERROR - 2025-07-23 03:30:23 --> Error while listing users | View themes, no current section. | App\Controllers\UserController::index
ERROR - 2025-07-23 03:30:23 --> Error while listing users | View themes, no current section. | App\Controllers\UserController::index
ERROR - 2025-07-23 03:30:23 --> Error while listing users | View themes, no current section. | App\Controllers\UserController::index
ERROR - 2025-07-23 03:30:24 --> Error while listing users | View themes, no current section. | App\Controllers\UserController::index
ERROR - 2025-07-23 03:30:24 --> Error while listing users | View themes, no current section. | App\Controllers\UserController::index
ERROR - 2025-07-23 03:30:24 --> Error while listing users | View themes, no current section. | App\Controllers\UserController::index
ERROR - 2025-07-23 03:30:24 --> Error while listing users | View themes, no current section. | App\Controllers\UserController::index
ERROR - 2025-07-23 03:30:25 --> Error while listing users | View themes, no current section. | App\Controllers\UserController::index
ERROR - 2025-07-23 03:30:25 --> Error while listing users | View themes, no current section. | App\Controllers\UserController::index
ERROR - 2025-07-23 03:30:26 --> Error while listing users | View themes, no current section. | App\Controllers\UserController::index
ERROR - 2025-07-23 03:30:27 --> Error while listing users | View themes, no current section. | App\Controllers\UserController::index
ERROR - 2025-07-23 03:30:27 --> Error while listing users | View themes, no current section. | App\Controllers\UserController::index
ERROR - 2025-07-23 03:30:27 --> Error while listing users | View themes, no current section. | App\Controllers\UserController::index
ERROR - 2025-07-23 03:30:27 --> Error while listing users | View themes, no current section. | App\Controllers\UserController::index
ERROR - 2025-07-23 03:30:28 --> Error while listing users | View themes, no current section. | App\Controllers\UserController::index
ERROR - 2025-07-23 03:30:28 --> Error while listing users | View themes, no current section. | App\Controllers\UserController::index
ERROR - 2025-07-23 03:30:28 --> Error while listing users | View themes, no current section. | App\Controllers\UserController::index
ERROR - 2025-07-23 03:30:28 --> Error while listing users | View themes, no current section. | App\Controllers\UserController::index
ERROR - 2025-07-23 03:30:29 --> Error while listing users | View themes, no current section. | App\Controllers\UserController::index
ERROR - 2025-07-23 03:30:29 --> Error while listing users | View themes, no current section. | App\Controllers\UserController::index
ERROR - 2025-07-23 03:30:29 --> Error while listing users | View themes, no current section. | App\Controllers\UserController::index
ERROR - 2025-07-23 03:30:29 --> Error while listing users | View themes, no current section. | App\Controllers\UserController::index
ERROR - 2025-07-23 03:30:30 --> Error while listing users | View themes, no current section. | App\Controllers\UserController::index
ERROR - 2025-07-23 03:30:30 --> Error while listing users | View themes, no current section. | App\Controllers\UserController::index
ERROR - 2025-07-23 03:30:30 --> Error while listing users | View themes, no current section. | App\Controllers\UserController::index
ERROR - 2025-07-23 03:30:31 --> Error while listing users | View themes, no current section. | App\Controllers\UserController::index
ERROR - 2025-07-23 03:30:31 --> Error while listing users | View themes, no current section. | App\Controllers\UserController::index
ERROR - 2025-07-23 03:30:31 --> Error while listing users | View themes, no current section. | App\Controllers\UserController::index
ERROR - 2025-07-23 03:30:31 --> Error while listing users | View themes, no current section. | App\Controllers\UserController::index
ERROR - 2025-07-23 03:32:05 --> Error while listing users | Invalid file: "layouts/master.php" | App\Controllers\UserController::index
ERROR - 2025-07-23 03:32:05 --> Error while listing users | Invalid file: "layouts/master.php" | App\Controllers\UserController::index
ERROR - 2025-07-23 03:32:05 --> Error while listing users | Invalid file: "layouts/master.php" | App\Controllers\UserController::index
ERROR - 2025-07-23 03:32:05 --> Error while listing users | Invalid file: "layouts/master.php" | App\Controllers\UserController::index
ERROR - 2025-07-23 03:32:06 --> Error while listing users | Invalid file: "layouts/master.php" | App\Controllers\UserController::index
ERROR - 2025-07-23 03:32:06 --> Error while listing users | Invalid file: "layouts/master.php" | App\Controllers\UserController::index
ERROR - 2025-07-23 03:32:06 --> Error while listing users | Invalid file: "layouts/master.php" | App\Controllers\UserController::index
ERROR - 2025-07-23 03:32:07 --> Error while listing users | Invalid file: "layouts/master.php" | App\Controllers\UserController::index
ERROR - 2025-07-23 03:32:07 --> Error while listing users | Invalid file: "layouts/master.php" | App\Controllers\UserController::index
ERROR - 2025-07-23 03:32:07 --> Error while listing users | Invalid file: "layouts/master.php" | App\Controllers\UserController::index
ERROR - 2025-07-23 03:32:07 --> Error while listing users | Invalid file: "layouts/master.php" | App\Controllers\UserController::index
ERROR - 2025-07-23 03:32:08 --> Error while listing users | Invalid file: "layouts/master.php" | App\Controllers\UserController::index
ERROR - 2025-07-23 03:32:08 --> Error while listing users | Invalid file: "layouts/master.php" | App\Controllers\UserController::index
ERROR - 2025-07-23 03:32:08 --> Error while listing users | Invalid file: "layouts/master.php" | App\Controllers\UserController::index
ERROR - 2025-07-23 03:32:08 --> Error while listing users | Invalid file: "layouts/master.php" | App\Controllers\UserController::index
ERROR - 2025-07-23 03:32:09 --> Error while listing users | Invalid file: "layouts/master.php" | App\Controllers\UserController::index
ERROR - 2025-07-23 03:32:09 --> Error while listing users | Invalid file: "layouts/master.php" | App\Controllers\UserController::index
ERROR - 2025-07-23 03:32:09 --> Error while listing users | Invalid file: "layouts/master.php" | App\Controllers\UserController::index
ERROR - 2025-07-23 03:32:09 --> Error while listing users | Invalid file: "layouts/master.php" | App\Controllers\UserController::index
ERROR - 2025-07-23 03:32:10 --> Error while listing users | Invalid file: "layouts/master.php" | App\Controllers\UserController::index
ERROR - 2025-07-23 03:32:12 --> Error while listing users | Invalid file: "layouts/master.php" | App\Controllers\UserController::index
ERROR - 2025-07-23 03:32:12 --> Error while listing users | Invalid file: "layouts/master.php" | App\Controllers\UserController::index
ERROR - 2025-07-23 03:32:13 --> Error while listing users | Invalid file: "layouts/master.php" | App\Controllers\UserController::index
ERROR - 2025-07-23 03:32:13 --> Error while listing users | Invalid file: "layouts/master.php" | App\Controllers\UserController::index
ERROR - 2025-07-23 03:32:13 --> Error while listing users | Invalid file: "layouts/master.php" | App\Controllers\UserController::index
ERROR - 2025-07-23 03:32:13 --> Error while listing users | Invalid file: "layouts/master.php" | App\Controllers\UserController::index
ERROR - 2025-07-23 03:32:14 --> Error while listing users | Invalid file: "layouts/master.php" | App\Controllers\UserController::index
ERROR - 2025-07-23 03:32:14 --> Error while listing users | Invalid file: "layouts/master.php" | App\Controllers\UserController::index
ERROR - 2025-07-23 03:32:14 --> Error while listing users | Invalid file: "layouts/master.php" | App\Controllers\UserController::index
ERROR - 2025-07-23 03:32:14 --> Error while listing users | Invalid file: "layouts/master.php" | App\Controllers\UserController::index
ERROR - 2025-07-23 03:32:15 --> Error while listing users | Invalid file: "layouts/master.php" | App\Controllers\UserController::index
ERROR - 2025-07-23 03:32:15 --> Error while listing users | Invalid file: "layouts/master.php" | App\Controllers\UserController::index
ERROR - 2025-07-23 03:32:15 --> Error while listing users | Invalid file: "layouts/master.php" | App\Controllers\UserController::index
ERROR - 2025-07-23 03:32:16 --> Error while listing users | Invalid file: "layouts/master.php" | App\Controllers\UserController::index
ERROR - 2025-07-23 03:32:16 --> Error while listing users | Invalid file: "layouts/master.php" | App\Controllers\UserController::index
ERROR - 2025-07-23 03:32:16 --> Error while listing users | Invalid file: "layouts/master.php" | App\Controllers\UserController::index
ERROR - 2025-07-23 03:32:16 --> Error while listing users | Invalid file: "layouts/master.php" | App\Controllers\UserController::index
ERROR - 2025-07-23 03:32:17 --> Error while listing users | Invalid file: "layouts/master.php" | App\Controllers\UserController::index
ERROR - 2025-07-23 03:32:17 --> Error while listing users | Invalid file: "layouts/master.php" | App\Controllers\UserController::index
ERROR - 2025-07-23 03:32:17 --> Error while listing users | Invalid file: "layouts/master.php" | App\Controllers\UserController::index
ERROR - 2025-07-23 03:32:19 --> Error while listing users | Invalid file: "layouts/master.php" | App\Controllers\UserController::index
ERROR - 2025-07-23 03:32:19 --> Error while listing users | Invalid file: "layouts/master.php" | App\Controllers\UserController::index
ERROR - 2025-07-23 03:32:19 --> Error while listing users | Invalid file: "layouts/master.php" | App\Controllers\UserController::index
ERROR - 2025-07-23 03:32:19 --> Error while listing users | Invalid file: "layouts/master.php" | App\Controllers\UserController::index
ERROR - 2025-07-23 03:32:20 --> Error while listing users | Invalid file: "layouts/master.php" | App\Controllers\UserController::index
ERROR - 2025-07-23 03:32:20 --> Error while listing users | Invalid file: "layouts/master.php" | App\Controllers\UserController::index
ERROR - 2025-07-23 03:32:20 --> Error while listing users | Invalid file: "layouts/master.php" | App\Controllers\UserController::index
ERROR - 2025-07-23 03:32:20 --> Error while listing users | Invalid file: "layouts/master.php" | App\Controllers\UserController::index
ERROR - 2025-07-23 03:32:21 --> Error while listing users | Invalid file: "layouts/master.php" | App\Controllers\UserController::index
ERROR - 2025-07-23 03:32:21 --> Error while listing users | Invalid file: "layouts/master.php" | App\Controllers\UserController::index
ERROR - 2025-07-23 03:32:21 --> Error while listing users | Invalid file: "layouts/master.php" | App\Controllers\UserController::index
ERROR - 2025-07-23 03:32:21 --> Error while listing users | Invalid file: "layouts/master.php" | App\Controllers\UserController::index
ERROR - 2025-07-23 03:32:22 --> Error while listing users | Invalid file: "layouts/master.php" | App\Controllers\UserController::index
ERROR - 2025-07-23 03:32:22 --> Error while listing users | Invalid file: "layouts/master.php" | App\Controllers\UserController::index
ERROR - 2025-07-23 03:32:22 --> Error while listing users | Invalid file: "layouts/master.php" | App\Controllers\UserController::index
ERROR - 2025-07-23 03:32:22 --> Error while listing users | Invalid file: "layouts/master.php" | App\Controllers\UserController::index
ERROR - 2025-07-23 03:32:23 --> Error while listing users | Invalid file: "layouts/master.php" | App\Controllers\UserController::index
ERROR - 2025-07-23 03:32:23 --> Error while listing users | Invalid file: "layouts/master.php" | App\Controllers\UserController::index
ERROR - 2025-07-23 03:32:23 --> Error while listing users | Invalid file: "layouts/master.php" | App\Controllers\UserController::index
ERROR - 2025-07-23 03:32:23 --> Error while listing users | Invalid file: "layouts/master.php" | App\Controllers\UserController::index
ERROR - 2025-07-23 03:34:19 --> Error while listing users | Invalid file: "layouts/master.php" | App\Controllers\UserController::index
ERROR - 2025-07-23 03:34:20 --> Error while listing users | Invalid file: "layouts/master.php" | App\Controllers\UserController::index
ERROR - 2025-07-23 03:34:20 --> Error while listing users | Invalid file: "layouts/master.php" | App\Controllers\UserController::index
ERROR - 2025-07-23 03:34:20 --> Error while listing users | Invalid file: "layouts/master.php" | App\Controllers\UserController::index
ERROR - 2025-07-23 03:34:20 --> Error while listing users | Invalid file: "layouts/master.php" | App\Controllers\UserController::index
ERROR - 2025-07-23 03:34:21 --> Error while listing users | Invalid file: "layouts/master.php" | App\Controllers\UserController::index
ERROR - 2025-07-23 03:34:21 --> Error while listing users | Invalid file: "layouts/master.php" | App\Controllers\UserController::index
ERROR - 2025-07-23 03:34:21 --> Error while listing users | Invalid file: "layouts/master.php" | App\Controllers\UserController::index
ERROR - 2025-07-23 03:34:21 --> Error while listing users | Invalid file: "layouts/master.php" | App\Controllers\UserController::index
ERROR - 2025-07-23 03:34:21 --> Error while listing users | Invalid file: "layouts/master.php" | App\Controllers\UserController::index
ERROR - 2025-07-23 03:34:27 --> Error while listing users | Invalid file: "layouts/master.php" | App\Controllers\UserController::index
ERROR - 2025-07-23 03:34:27 --> Error while listing users | Invalid file: "layouts/master.php" | App\Controllers\UserController::index
ERROR - 2025-07-23 03:34:27 --> Error while listing users | Invalid file: "layouts/master.php" | App\Controllers\UserController::index
ERROR - 2025-07-23 03:34:28 --> Error while listing users | Invalid file: "layouts/master.php" | App\Controllers\UserController::index
ERROR - 2025-07-23 03:34:28 --> Error while listing users | Invalid file: "layouts/master.php" | App\Controllers\UserController::index
ERROR - 2025-07-23 03:34:28 --> Error while listing users | Invalid file: "layouts/master.php" | App\Controllers\UserController::index
ERROR - 2025-07-23 03:34:28 --> Error while listing users | Invalid file: "layouts/master.php" | App\Controllers\UserController::index
ERROR - 2025-07-23 03:34:29 --> Error while listing users | Invalid file: "layouts/master.php" | App\Controllers\UserController::index
ERROR - 2025-07-23 03:34:29 --> Error while listing users | Invalid file: "layouts/master.php" | App\Controllers\UserController::index
ERROR - 2025-07-23 03:34:29 --> Error while listing users | Invalid file: "layouts/master.php" | App\Controllers\UserController::index
ERROR - 2025-07-23 03:34:30 --> Error while listing users | Invalid file: "layouts/master.php" | App\Controllers\UserController::index
ERROR - 2025-07-23 03:34:30 --> Error while listing users | Invalid file: "layouts/master.php" | App\Controllers\UserController::index
ERROR - 2025-07-23 03:34:30 --> Error while listing users | Invalid file: "layouts/master.php" | App\Controllers\UserController::index
ERROR - 2025-07-23 03:34:30 --> Error while listing users | Invalid file: "layouts/master.php" | App\Controllers\UserController::index
ERROR - 2025-07-23 03:34:31 --> Error while listing users | Invalid file: "layouts/master.php" | App\Controllers\UserController::index
ERROR - 2025-07-23 03:34:31 --> Error while listing users | Invalid file: "layouts/master.php" | App\Controllers\UserController::index
ERROR - 2025-07-23 03:34:31 --> Error while listing users | Invalid file: "layouts/master.php" | App\Controllers\UserController::index
ERROR - 2025-07-23 03:34:31 --> Error while listing users | Invalid file: "layouts/master.php" | App\Controllers\UserController::index
ERROR - 2025-07-23 03:34:32 --> Error while listing users | Invalid file: "layouts/master.php" | App\Controllers\UserController::index
ERROR - 2025-07-23 03:34:32 --> Error while listing users | Invalid file: "layouts/master.php" | App\Controllers\UserController::index
ERROR - 2025-07-23 03:34:33 --> Error while listing users | Invalid file: "layouts/master.php" | App\Controllers\UserController::index
ERROR - 2025-07-23 03:34:34 --> Error while listing users | Invalid file: "layouts/master.php" | App\Controllers\UserController::index
ERROR - 2025-07-23 03:34:34 --> Error while listing users | Invalid file: "layouts/master.php" | App\Controllers\UserController::index
ERROR - 2025-07-23 03:34:34 --> Error while listing users | Invalid file: "layouts/master.php" | App\Controllers\UserController::index
ERROR - 2025-07-23 03:34:35 --> Error while listing users | Invalid file: "layouts/master.php" | App\Controllers\UserController::index
ERROR - 2025-07-23 03:34:35 --> Error while listing users | Invalid file: "layouts/master.php" | App\Controllers\UserController::index
ERROR - 2025-07-23 03:34:35 --> Error while listing users | Invalid file: "layouts/master.php" | App\Controllers\UserController::index
ERROR - 2025-07-23 03:34:35 --> Error while listing users | Invalid file: "layouts/master.php" | App\Controllers\UserController::index
ERROR - 2025-07-23 03:34:36 --> Error while listing users | Invalid file: "layouts/master.php" | App\Controllers\UserController::index
ERROR - 2025-07-23 03:34:36 --> Error while listing users | Invalid file: "layouts/master.php" | App\Controllers\UserController::index
ERROR - 2025-07-23 03:34:36 --> Error while listing users | Invalid file: "layouts/master.php" | App\Controllers\UserController::index
ERROR - 2025-07-23 03:34:37 --> Error while listing users | Invalid file: "layouts/master.php" | App\Controllers\UserController::index
ERROR - 2025-07-23 03:34:37 --> Error while listing users | Invalid file: "layouts/master.php" | App\Controllers\UserController::index
ERROR - 2025-07-23 03:34:37 --> Error while listing users | Invalid file: "layouts/master.php" | App\Controllers\UserController::index
ERROR - 2025-07-23 03:34:38 --> Error while listing users | Invalid file: "layouts/master.php" | App\Controllers\UserController::index
ERROR - 2025-07-23 03:34:38 --> Error while listing users | Invalid file: "layouts/master.php" | App\Controllers\UserController::index
ERROR - 2025-07-23 03:34:38 --> Error while listing users | Invalid file: "layouts/master.php" | App\Controllers\UserController::index
ERROR - 2025-07-23 03:34:38 --> Error while listing users | Invalid file: "layouts/master.php" | App\Controllers\UserController::index
ERROR - 2025-07-23 03:34:39 --> Error while listing users | Invalid file: "layouts/master.php" | App\Controllers\UserController::index
ERROR - 2025-07-23 03:34:39 --> Error while listing users | Invalid file: "layouts/master.php" | App\Controllers\UserController::index
ERROR - 2025-07-23 03:34:44 --> Error while listing users | Invalid file: "layouts/master.php" | App\Controllers\UserController::index
ERROR - 2025-07-23 03:34:44 --> Error while listing users | Invalid file: "layouts/master.php" | App\Controllers\UserController::index
ERROR - 2025-07-23 03:34:45 --> Error while listing users | Invalid file: "layouts/master.php" | App\Controllers\UserController::index
ERROR - 2025-07-23 03:34:45 --> Error while listing users | Invalid file: "layouts/master.php" | App\Controllers\UserController::index
ERROR - 2025-07-23 03:34:45 --> Error while listing users | Invalid file: "layouts/master.php" | App\Controllers\UserController::index
ERROR - 2025-07-23 03:34:45 --> Error while listing users | Invalid file: "layouts/master.php" | App\Controllers\UserController::index
ERROR - 2025-07-23 03:34:46 --> Error while listing users | Invalid file: "layouts/master.php" | App\Controllers\UserController::index
ERROR - 2025-07-23 03:34:46 --> Error while listing users | Invalid file: "layouts/master.php" | App\Controllers\UserController::index
ERROR - 2025-07-23 03:34:46 --> Error while listing users | Invalid file: "layouts/master.php" | App\Controllers\UserController::index
ERROR - 2025-07-23 03:34:46 --> Error while listing users | Invalid file: "layouts/master.php" | App\Controllers\UserController::index
ERROR - 2025-07-23 03:34:47 --> Error while listing users | Invalid file: "layouts/master.php" | App\Controllers\UserController::index
ERROR - 2025-07-23 03:34:47 --> Error while listing users | Invalid file: "layouts/master.php" | App\Controllers\UserController::index
ERROR - 2025-07-23 03:34:47 --> Error while listing users | Invalid file: "layouts/master.php" | App\Controllers\UserController::index
ERROR - 2025-07-23 03:34:47 --> Error while listing users | Invalid file: "layouts/master.php" | App\Controllers\UserController::index
ERROR - 2025-07-23 03:34:48 --> Error while listing users | Invalid file: "layouts/master.php" | App\Controllers\UserController::index
ERROR - 2025-07-23 03:34:48 --> Error while listing users | Invalid file: "layouts/master.php" | App\Controllers\UserController::index
ERROR - 2025-07-23 03:34:48 --> Error while listing users | Invalid file: "layouts/master.php" | App\Controllers\UserController::index
ERROR - 2025-07-23 03:34:48 --> Error while listing users | Invalid file: "layouts/master.php" | App\Controllers\UserController::index
ERROR - 2025-07-23 03:34:49 --> Error while listing users | Invalid file: "layouts/master.php" | App\Controllers\UserController::index
ERROR - 2025-07-23 03:34:49 --> Error while listing users | Invalid file: "layouts/master.php" | App\Controllers\UserController::index
CRITICAL - 2025-07-23 04:02:42 --> Error: Call to undefined method PhpOffice\PhpSpreadsheet\Reader\Xlsx::save()
in APPPATH\Controllers\ReportController.php on line 62.
 1 SYSTEMPATH\CodeIgniter.php(943): App\Controllers\ReportController->exportUsuarios()
 2 SYSTEMPATH\CodeIgniter.php(503): CodeIgniter\CodeIgniter->runController(Object(App\Controllers\ReportController))
 3 SYSTEMPATH\CodeIgniter.php(361): CodeIgniter\CodeIgniter->handleRequest(null, Object(Config\Cache), false)
 4 FCPATH\index.php(79): CodeIgniter\CodeIgniter->run()
 5 SYSTEMPATH\Commands\Server\rewrite.php(47): require_once('C:\\Users\\tecla\\OneDrive\\Documents\\prueba_tecnica\\public\\index.php')
CRITICAL - 2025-07-23 04:02:43 --> Error: Call to undefined method PhpOffice\PhpSpreadsheet\Reader\Xlsx::save()
in APPPATH\Controllers\ReportController.php on line 62.
 1 SYSTEMPATH\CodeIgniter.php(943): App\Controllers\ReportController->exportUsuarios()
 2 SYSTEMPATH\CodeIgniter.php(503): CodeIgniter\CodeIgniter->runController(Object(App\Controllers\ReportController))
 3 SYSTEMPATH\CodeIgniter.php(361): CodeIgniter\CodeIgniter->handleRequest(null, Object(Config\Cache), false)
 4 FCPATH\index.php(79): CodeIgniter\CodeIgniter->run()
 5 SYSTEMPATH\Commands\Server\rewrite.php(47): require_once('C:\\Users\\tecla\\OneDrive\\Documents\\prueba_tecnica\\public\\index.php')
CRITICAL - 2025-07-23 04:02:48 --> Error: Call to undefined method PhpOffice\PhpSpreadsheet\Reader\Xlsx::save()
in APPPATH\Controllers\ReportController.php on line 62.
 1 SYSTEMPATH\CodeIgniter.php(943): App\Controllers\ReportController->exportUsuarios()
 2 SYSTEMPATH\CodeIgniter.php(503): CodeIgniter\CodeIgniter->runController(Object(App\Controllers\ReportController))
 3 SYSTEMPATH\CodeIgniter.php(361): CodeIgniter\CodeIgniter->handleRequest(null, Object(Config\Cache), false)
 4 FCPATH\index.php(79): CodeIgniter\CodeIgniter->run()
 5 SYSTEMPATH\Commands\Server\rewrite.php(47): require_once('C:\\Users\\tecla\\OneDrive\\Documents\\prueba_tecnica\\public\\index.php')
